2022-07-15 7:19:51 - Speedy :: initConnection :: com.omgm.skylogistics.web.soap.eps.exception.login.InvalidUsernameOrPasswordException (EE20220715101951478WUZRFINM)
2022-07-15 7:26:16 - Speedy :: createBillOfLading :: PickingValidationException[INVALID_PHONE_NUMBER, Invalid phone number 0888888888 No 1, For SENDER (EE20220715102616181RCAHGTHY)]
2022-07-15 7:27:35 - Speedy :: createBillOfLading :: PickingValidationException[INVALID_PHONE_NUMBER, Invalid phone number 0888888888 No 1, For SENDER (EE20220715102734748TMYRYEWX)]
2022-07-15 7:49:19 - PHP Warning:  include_once(): Failed opening '/home/exte7mok/public_html/system/storage/modification/admin/controller/startup/permission.php' for inclusion (include_path='.:/opt/cpanel/ea-php73/root/usr/share/pear') in /home/exte7mok/public_html/system/storage/modification/system/engine/action.php on line 69
2022-07-15 8:05:28 - Speedy :: initConnection :: com.omgm.skylogistics.web.soap.eps.exception.login.InvalidUsernameOrPasswordException (EE20220715110527905RZCVKQZS)
2022-07-15 8:18:14 - PHP Warning:  include_once(): Failed opening '/home/exte7mok/public_html/system/storage/modification/admin/controller/startup/permission.php' for inclusion (include_path='.:/opt/cpanel/ea-php73/root/usr/share/pear') in /home/exte7mok/public_html/system/storage/modification/system/engine/action.php on line 69
2022-07-15 8:25:48 - PHP Notice:  Undefined index: setting in /home/exte7mok/public_html/system/storage/modification/catalog/controller/extension/module/featured.php on line 13
2022-07-15 8:25:48 - PHP Notice:  Undefined index: setting in /home/exte7mok/public_html/catalog/controller/common/tntsocialicon.php on line 7
2022-07-15 8:25:48 - PHP Notice:  Undefined index: setting in /home/exte7mok/public_html/catalog/controller/common/tntpaymenticon.php on line 9
2022-07-15 8:25:48 - PHP Notice:  Undefined index: setting in /home/exte7mok/public_html/catalog/controller/common/tntfooterlogo.php on line 9
2022-07-15 8:25:48 - PHP Notice:  Undefined index: setting in /home/exte7mok/public_html/catalog/controller/common/tntnewsletter.php on line 9
2022-07-15 8:30:24 - PHP Notice:  Undefined index: setting in /home/exte7mok/public_html/catalog/controller/common/tntsocialicon.php on line 7
2022-07-15 8:30:24 - PHP Notice:  Undefined index: setting in /home/exte7mok/public_html/catalog/controller/common/tntpaymenticon.php on line 9
2022-07-15 8:30:24 - PHP Notice:  Undefined index: setting in /home/exte7mok/public_html/catalog/controller/common/tntfooterlogo.php on line 9
2022-07-15 8:30:24 - PHP Notice:  Undefined index: setting in /home/exte7mok/public_html/catalog/controller/common/tntnewsletter.php on line 9
2022-07-15 8:30:28 - PHP Notice:  Undefined index: setting in /home/exte7mok/public_html/catalog/controller/common/tntsocialicon.php on line 7
2022-07-15 8:30:28 - PHP Notice:  Undefined index: setting in /home/exte7mok/public_html/catalog/controller/common/tntpaymenticon.php on line 9
2022-07-15 8:30:28 - PHP Notice:  Undefined index: setting in /home/exte7mok/public_html/catalog/controller/common/tntfooterlogo.php on line 9
2022-07-15 8:30:28 - PHP Notice:  Undefined index: setting in /home/exte7mok/public_html/catalog/controller/common/tntnewsletter.php on line 9
2022-07-15 8:30:29 - PHP Notice:  Undefined index: setting in /home/exte7mok/public_html/catalog/controller/common/tntsocialicon.php on line 7
2022-07-15 8:30:29 - PHP Notice:  Undefined index: setting in /home/exte7mok/public_html/catalog/controller/common/tntpaymenticon.php on line 9
2022-07-15 8:30:29 - PHP Notice:  Undefined index: setting in /home/exte7mok/public_html/catalog/controller/common/tntfooterlogo.php on line 9
2022-07-15 8:30:29 - PHP Notice:  Undefined index: setting in /home/exte7mok/public_html/catalog/controller/common/tntnewsletter.php on line 9
2022-07-15 8:30:29 - PHP Notice:  Undefined index: setting in /home/exte7mok/public_html/catalog/controller/common/tntsocialicon.php on line 7
2022-07-15 8:30:29 - PHP Notice:  Undefined index: setting in /home/exte7mok/public_html/catalog/controller/common/tntpaymenticon.php on line 9
2022-07-15 8:30:29 - PHP Notice:  Undefined index: setting in /home/exte7mok/public_html/catalog/controller/common/tntfooterlogo.php on line 9
2022-07-15 8:30:29 - PHP Notice:  Undefined index: setting in /home/exte7mok/public_html/catalog/controller/common/tntnewsletter.php on line 9
2022-07-15 8:30:29 - PHP Notice:  Undefined index: setting in /home/exte7mok/public_html/catalog/controller/common/tntsocialicon.php on line 7
2022-07-15 8:30:29 - PHP Notice:  Undefined index: setting in /home/exte7mok/public_html/catalog/controller/common/tntpaymenticon.php on line 9
2022-07-15 8:30:29 - PHP Notice:  Undefined index: setting in /home/exte7mok/public_html/catalog/controller/common/tntfooterlogo.php on line 9
2022-07-15 8:30:29 - PHP Notice:  Undefined index: setting in /home/exte7mok/public_html/catalog/controller/common/tntnewsletter.php on line 9
